        -:    0:Source:/home/golimghost/Desktop/CProj/Laba_3/serial.cpp
        -:    0:Graph:CMakeFiles/serial.dir/serial.cpp.gcno
        -:    0:Data:CMakeFiles/serial.dir/serial.cpp.gcda
        -:    0:Runs:0
        -:    1:#include <iostream>
        -:    2:#include <fstream>
        -:    3:#include <sstream>
        -:    4:#include "includes/Array.h"
        -:    5:#include "includes/OList.h"
        -:    6:#include "includes/DList.h"
        -:    7:#include "includes/Queue.h"
        -:    8:#include "includes/Stack.h"
        -:    9:#include "includes/AVLTree.h"
        -:   10:#include "includes/HashTable.h"
        -:   11:
        -:   12:using namespace std;
        -:   13:
function serial_array() called 0 returned 0% blocks executed 0%
    #####:   14:void serial_array()
    %%%%%:   14-block  0
        -:   15:{
    #####:   16:    string filename = "array.bin";
    %%%%%:   16-block  0
call    0 never executed
branch  1 never executed (fallthrough)
branch  2 never executed (throw)
    $$$$$:   16-block  1
    #####:   17:    Array testArr;
    %%%%%:   17-block  0
call    0 never executed
branch  1 never executed (fallthrough)
branch  2 never executed (throw)
    #####:   18:    testArr.push_back("hello");
    %%%%%:   18-block  0
call    0 never executed
branch  1 never executed (fallthrough)
branch  2 never executed (throw)
    %%%%%:   18-block  1
call    3 never executed
branch  4 never executed (fallthrough)
branch  5 never executed (throw)
    %%%%%:   18-block  2
call    6 never executed
    %%%%%:   18-block  3
    $$$$$:   18-block  4
call    7 never executed
    $$$$$:   18-block  5
    $$$$$:   18-block  6
    #####:   19:    testArr.push_back("my");
    %%%%%:   19-block  0
call    0 never executed
branch  1 never executed (fallthrough)
branch  2 never executed (throw)
    %%%%%:   19-block  1
call    3 never executed
branch  4 never executed (fallthrough)
branch  5 never executed (throw)
    %%%%%:   19-block  2
call    6 never executed
    %%%%%:   19-block  3
    $$$$$:   19-block  4
call    7 never executed
    $$$$$:   19-block  5
    $$$$$:   19-block  6
    #####:   20:    testArr.push_back("friend");
    %%%%%:   20-block  0
call    0 never executed
branch  1 never executed (fallthrough)
branch  2 never executed (throw)
    %%%%%:   20-block  1
call    3 never executed
branch  4 never executed (fallthrough)
branch  5 never executed (throw)
    %%%%%:   20-block  2
call    6 never executed
    $$$$$:   20-block  3
call    7 never executed
    $$$$$:   20-block  4
    $$$$$:   20-block  5
        -:   21:
    #####:   22:    cout << "Before array serial:" << endl;
    %%%%%:   22-block  0
call    0 never executed
branch  1 never executed (fallthrough)
branch  2 never executed (throw)
    %%%%%:   22-block  1
call    3 never executed
branch  4 never executed (fallthrough)
branch  5 never executed (throw)
    #####:   23:    cout << testArr.print();
    %%%%%:   23-block  0
call    0 never executed
branch  1 never executed (fallthrough)
branch  2 never executed (throw)
    %%%%%:   23-block  1
call    3 never executed
branch  4 never executed (fallthrough)
branch  5 never executed (throw)
    %%%%%:   23-block  2
call    6 never executed
    $$$$$:   23-block  3
call    7 never executed
    $$$$$:   23-block  4
        -:   24:
    #####:   25:    ofstream outFile(filename, ios::binary);
call    0 never executed
branch  1 never executed (fallthrough)
branch  2 never executed (throw)
    #####:   26:    if (!outFile) {
    %%%%%:   26-block  0
call    0 never executed
branch  1 never executed (fallthrough)
branch  2 never executed (throw)
    %%%%%:   26-block  1
branch  3 never executed (fallthrough)
branch  4 never executed
    #####:   27:        cerr << "Error to open file: " << filename << endl;
    %%%%%:   27-block  0
call    0 never executed
branch  1 never executed (fallthrough)
branch  2 never executed (throw)
    %%%%%:   27-block  1
call    3 never executed
branch  4 never executed (fallthrough)
branch  5 never executed (throw)
    %%%%%:   27-block  2
call    6 never executed
branch  7 never executed (fallthrough)
branch  8 never executed (throw)
    #####:   28:        return;
    %%%%%:   28-block  0
        -:   29:    }
        -:   30:
    #####:   31:    size_t size = testArr.size;
    #####:   32:    outFile.write(reinterpret_cast<const char*>(&size), sizeof(size));
    %%%%%:   32-block  0
call    0 never executed
branch  1 never executed (fallthrough)
branch  2 never executed (throw)
        -:   33:
    #####:   34:    for (auto i = 0; i < size; ++i) {
    %%%%%:   34-block  0
    %%%%%:   34-block  1
branch  0 never executed
branch  1 never executed (fallthrough)
    #####:   35:        string str = testArr.get_at(i);
    %%%%%:   35-block  0
call    0 never executed
branch  1 never executed (fallthrough)
branch  2 never executed (throw)
    #####:   36:        size_t length = str.size();
    %%%%%:   36-block  0
call    0 never executed
    #####:   37:        outFile.write(reinterpret_cast<const char*>(&length), sizeof(length));
call    0 never executed
branch  1 never executed (fallthrough)
branch  2 never executed (throw)
    #####:   38:        outFile.write(str.c_str(), length);
    %%%%%:   38-block  0
call    0 never executed
call    1 never executed
branch  2 never executed (fallthrough)
branch  3 never executed (throw)
    #####:   39:    }
    %%%%%:   39-block  0
call    0 never executed
    $$$$$:   39-block  1
call    1 never executed
        -:   40:
    #####:   41:    outFile.close();
    %%%%%:   41-block  0
call    0 never executed
branch  1 never executed (fallthrough)
branch  2 never executed (throw)
    #####:   42:}
    %%%%%:   42-block  0
    %%%%%:   42-block  1
call    0 never executed
branch  1 never executed (fallthrough)
branch  2 never executed
    %%%%%:   42-block  2
    %%%%%:   42-block  3
call    3 never executed
branch  4 never executed (fallthrough)
branch  5 never executed
    $$$$$:   42-block  4
call    6 never executed
    $$$$$:   42-block  5
call    7 never executed
        -:   43:
function deserial_array() called 0 returned 0% blocks executed 0%
    #####:   44:void deserial_array() {
    %%%%%:   44-block  0
    #####:   45:    string filename = "array.bin";
    %%%%%:   45-block  0
call    0 never executed
branch  1 never executed (fallthrough)
branch  2 never executed (throw)
    $$$$$:   45-block  1
    #####:   46:    Array testArr;
    %%%%%:   46-block  0
call    0 never executed
branch  1 never executed (fallthrough)
branch  2 never executed (throw)
        -:   47:
    #####:   48:    ifstream inFile(filename, ios::binary);
    %%%%%:   48-block  0
call    0 never executed
branch  1 never executed (fallthrough)
branch  2 never executed (throw)
    #####:   49:    if (!inFile) {
    %%%%%:   49-block  0
call    0 never executed
branch  1 never executed (fallthrough)
branch  2 never executed (throw)
    %%%%%:   49-block  1
branch  3 never executed (fallthrough)
branch  4 never executed
    #####:   50:        cerr << "Error to open file: " << filename << endl;
    %%%%%:   50-block  0
call    0 never executed
branch  1 never executed (fallthrough)
branch  2 never executed (throw)
    %%%%%:   50-block  1
call    3 never executed
branch  4 never executed (fallthrough)
branch  5 never executed (throw)
    %%%%%:   50-block  2
call    6 never executed
branch  7 never executed (fallthrough)
branch  8 never executed (throw)
    #####:   51:        return;
    %%%%%:   51-block  0
        -:   52:    }
        -:   53:
        -:   54:    size_t size;
    #####:   55:    inFile.read(reinterpret_cast<char*>(&size), sizeof(size));
    %%%%%:   55-block  0
call    0 never executed
branch  1 never executed (fallthrough)
branch  2 never executed (throw)
        -:   56:
    #####:   57:    for (size_t i = 0; i < size; ++i) {
    %%%%%:   57-block  0
    %%%%%:   57-block  1
branch  0 never executed
branch  1 never executed (fallthrough)
        -:   58:        size_t length;
    #####:   59:        inFile.read(reinterpret_cast<char*>(&length), sizeof(length));
    %%%%%:   59-block  0
call    0 never executed
branch  1 never executed (fallthrough)
branch  2 never executed (throw)
        -:   60:
    #####:   61:        string str(length, '\0');
    %%%%%:   61-block  0
call    0 never executed
branch  1 never executed (fallthrough)
branch  2 never executed (throw)
    $$$$$:   61-block  1
    #####:   62:        inFile.read(&str[0], length);
    %%%%%:   62-block  0
call    0 never executed
call    1 never executed
branch  2 never executed (fallthrough)
branch  3 never executed (throw)
    #####:   63:        testArr.push_back(str);
    %%%%%:   63-block  0
call    0 never executed
branch  1 never executed (fallthrough)
branch  2 never executed (throw)
    %%%%%:   63-block  1
call    3 never executed
branch  4 never executed (fallthrough)
branch  5 never executed (throw)
    %%%%%:   63-block  2
call    6 never executed
    $$$$$:   63-block  3
call    7 never executed
    $$$$$:   63-block  4
    #####:   64:    }
call    0 never executed
    $$$$$:   64-block  0
call    1 never executed
        -:   65:
    #####:   66:    inFile.close();
    %%%%%:   66-block  0
call    0 never executed
branch  1 never executed (fallthrough)
branch  2 never executed (throw)
        -:   67:
    #####:   68:    cout << "After array deserialization:" << endl;
    %%%%%:   68-block  0
call    0 never executed
branch  1 never executed (fallthrough)
branch  2 never executed (throw)
    %%%%%:   68-block  1
call    3 never executed
branch  4 never executed (fallthrough)
branch  5 never executed (throw)
    #####:   69:    cout << testArr.print() << endl;
    %%%%%:   69-block  0
call    0 never executed
branch  1 never executed (fallthrough)
branch  2 never executed (throw)
    %%%%%:   69-block  1
call    3 never executed
branch  4 never executed (fallthrough)
branch  5 never executed (throw)
    %%%%%:   69-block  2
call    6 never executed
branch  7 never executed (fallthrough)
branch  8 never executed (throw)
    %%%%%:   69-block  3
call    9 never executed
    $$$$$:   69-block  4
call   10 never executed
    $$$$$:   69-block  5
    #####:   70:}
    %%%%%:   70-block  0
call    0 never executed
branch  1 never executed (fallthrough)
branch  2 never executed
    %%%%%:   70-block  1
    %%%%%:   70-block  2
call    3 never executed
branch  4 never executed (fallthrough)
branch  5 never executed
    $$$$$:   70-block  3
call    6 never executed
    $$$$$:   70-block  4
call    7 never executed
        -:   71:
        -:   72:
        -:   73:
function serialize_tree(TreeNode*, std::basic_ofstream<char, std::char_traits<char> >&) called 0 returned 0% blocks executed 0%
    #####:   74:void serialize_tree(TreeNode* node, ofstream& outFile) {
    #####:   75:    if (node == nullptr) {
    %%%%%:   75-block  0
branch  0 never executed (fallthrough)
branch  1 never executed
        -:   76:        // Записываем 0 для обозначения пустого узла
    #####:   77:        int nullMarker = 0;
    #####:   78:        outFile.write(reinterpret_cast<const char*>(&nullMarker), sizeof(nullMarker));
    %%%%%:   78-block  0
call    0 never executed
branch  1 never executed (fallthrough)
branch  2 never executed (throw)
    #####:   79:        return;
    %%%%%:   79-block  0
        -:   80:    }
        -:   81:
        -:   82:    // Записываем 1 для обозначения непустого узла
    #####:   83:    int nullMarker = 1;
    #####:   84:    outFile.write(reinterpret_cast<const char*>(&nullMarker), sizeof(nullMarker));
    %%%%%:   84-block  0
call    0 never executed
branch  1 never executed (fallthrough)
branch  2 never executed (throw)
        -:   85:
        -:   86:    // Записываем ключ узла
    #####:   87:    size_t keyLength = node->key.size();
    %%%%%:   87-block  0
call    0 never executed
    #####:   88:    outFile.write(reinterpret_cast<const char*>(&keyLength), sizeof(keyLength));
call    0 never executed
branch  1 never executed (fallthrough)
branch  2 never executed (throw)
    #####:   89:    outFile.write(node->key.c_str(), keyLength);
    %%%%%:   89-block  0
call    0 never executed
call    1 never executed
branch  2 never executed (fallthrough)
branch  3 never executed (throw)
        -:   90:
        -:   91:    // Рекурсивно сериализуем левое и правое поддеревья
    #####:   92:    serialize_tree(node->left, outFile);
    %%%%%:   92-block  0
call    0 never executed
branch  1 never executed (fallthrough)
branch  2 never executed (throw)
    #####:   93:    serialize_tree(node->right, outFile);
    %%%%%:   93-block  0
call    0 never executed
branch  1 never executed (fallthrough)
branch  2 never executed (throw)
        -:   94:}
        -:   95:
function serial_tree() called 0 returned 0% blocks executed 0%
    #####:   96:void serial_tree() {
    %%%%%:   96-block  0
    #####:   97:    string filename = "tree.bin";
    %%%%%:   97-block  0
call    0 never executed
branch  1 never executed (fallthrough)
branch  2 never executed (throw)
    $$$$$:   97-block  1
    #####:   98:    AVLTree tree;
    %%%%%:   98-block  0
call    0 never executed
    #####:   99:    tree.insert("hello");
    %%%%%:   99-block  0
call    0 never executed
branch  1 never executed (fallthrough)
branch  2 never executed (throw)
    %%%%%:   99-block  1
call    3 never executed
branch  4 never executed (fallthrough)
branch  5 never executed (throw)
    %%%%%:   99-block  2
call    6 never executed
    %%%%%:   99-block  3
    $$$$$:   99-block  4
call    7 never executed
    $$$$$:   99-block  5
    $$$$$:   99-block  6
    #####:  100:    tree.insert("my");
    %%%%%:  100-block  0
call    0 never executed
branch  1 never executed (fallthrough)
branch  2 never executed (throw)
    %%%%%:  100-block  1
call    3 never executed
branch  4 never executed (fallthrough)
branch  5 never executed (throw)
    %%%%%:  100-block  2
call    6 never executed
    %%%%%:  100-block  3
    $$$$$:  100-block  4
call    7 never executed
    $$$$$:  100-block  5
    $$$$$:  100-block  6
    #####:  101:    tree.insert("friend");
    %%%%%:  101-block  0
call    0 never executed
branch  1 never executed (fallthrough)
branch  2 never executed (throw)
    %%%%%:  101-block  1
call    3 never executed
branch  4 never executed (fallthrough)
branch  5 never executed (throw)
    %%%%%:  101-block  2
call    6 never executed
    $$$$$:  101-block  3
call    7 never executed
    $$$$$:  101-block  4
    $$$$$:  101-block  5
        -:  102:
    #####:  103:    cout << "Before tree serial:" << endl;
    %%%%%:  103-block  0
call    0 never executed
branch  1 never executed (fallthrough)
branch  2 never executed (throw)
    %%%%%:  103-block  1
call    3 never executed
branch  4 never executed (fallthrough)
branch  5 never executed (throw)
    #####:  104:    tree.print();
    %%%%%:  104-block  0
call    0 never executed
branch  1 never executed (fallthrough)
branch  2 never executed (throw)
        -:  105:
    #####:  106:    ofstream outFile(filename, ios::binary);
    %%%%%:  106-block  0
call    0 never executed
branch  1 never executed (fallthrough)
branch  2 never executed (throw)
    #####:  107:    if (!outFile) {
    %%%%%:  107-block  0
call    0 never executed
branch  1 never executed (fallthrough)
branch  2 never executed (throw)
    %%%%%:  107-block  1
branch  3 never executed (fallthrough)
branch  4 never executed
    #####:  108:        cerr << "Error to open file: " << filename << endl;
    %%%%%:  108-block  0
call    0 never executed
branch  1 never executed (fallthrough)
branch  2 never executed (throw)
    %%%%%:  108-block  1
call    3 never executed
branch  4 never executed (fallthrough)
branch  5 never executed (throw)
    %%%%%:  108-block  2
call    6 never executed
branch  7 never executed (fallthrough)
branch  8 never executed (throw)
    #####:  109:        return;
    %%%%%:  109-block  0
        -:  110:    }
        -:  111:
    #####:  112:    serialize_tree(tree.get_root(), outFile);
    %%%%%:  112-block  0
call    0 never executed
branch  1 never executed (fallthrough)
branch  2 never executed (throw)
    %%%%%:  112-block  1
call    3 never executed
branch  4 never executed (fallthrough)
branch  5 never executed (throw)
    #####:  113:    outFile.close();
    %%%%%:  113-block  0
call    0 never executed
branch  1 never executed (fallthrough)
branch  2 never executed (throw)
    #####:  114:}
    %%%%%:  114-block  0
    %%%%%:  114-block  1
call    0 never executed
branch  1 never executed (fallthrough)
branch  2 never executed
    %%%%%:  114-block  2
    %%%%%:  114-block  3
call    3 never executed
branch  4 never executed (fallthrough)
branch  5 never executed
    $$$$$:  114-block  4
call    6 never executed
    $$$$$:  114-block  5
call    7 never executed
        -:  115:
function deserialize_tree(std::basic_ifstream<char, std::char_traits<char> >&) called 0 returned 0% blocks executed 0%
    #####:  116:TreeNode* deserialize_tree(ifstream& inFile) {
        -:  117:    int nullMarker;
    #####:  118:    inFile.read(reinterpret_cast<char*>(&nullMarker), sizeof(nullMarker));
    %%%%%:  118-block  0
call    0 never executed
branch  1 never executed (fallthrough)
branch  2 never executed (throw)
        -:  119:
    #####:  120:    if (nullMarker == 0) {
    %%%%%:  120-block  0
branch  0 never executed (fallthrough)
branch  1 never executed
    #####:  121:        return nullptr; // Если встретили 0, возвращаем nullptr
    %%%%%:  121-block  0
        -:  122:    }
        -:  123:
    #####:  124:    TreeNode* node = new TreeNode();
    %%%%%:  124-block  0
call    0 never executed
branch  1 never executed (fallthrough)
branch  2 never executed (throw)
    %%%%%:  124-block  1
call    3 never executed
        -:  125:
        -:  126:    size_t keyLength;
    #####:  127:    inFile.read(reinterpret_cast<char*>(&keyLength), sizeof(keyLength));
call    0 never executed
branch  1 never executed (fallthrough)
branch  2 never executed (throw)
        -:  128:
    #####:  129:    node->key.resize(keyLength);
    %%%%%:  129-block  0
call    0 never executed
branch  1 never executed (fallthrough)
branch  2 never executed (throw)
    #####:  130:    inFile.read(&node->key[0], keyLength);
    %%%%%:  130-block  0
call    0 never executed
call    1 never executed
branch  2 never executed (fallthrough)
branch  3 never executed (throw)
        -:  131:
        -:  132:    // Рекурсивно десериализуем левое и правое поддеревья
    #####:  133:    node->left = deserialize_tree(inFile);
    %%%%%:  133-block  0
call    0 never executed
branch  1 never executed (fallthrough)
branch  2 never executed (throw)
    #####:  134:    node->right = deserialize_tree(inFile);
    %%%%%:  134-block  0
call    0 never executed
branch  1 never executed (fallthrough)
branch  2 never executed (throw)
        -:  135:
    #####:  136:    return node;
    %%%%%:  136-block  0
        -:  137:}
        -:  138:
function deserial_tree() called 0 returned 0% blocks executed 0%
    #####:  139:void deserial_tree() {
    %%%%%:  139-block  0
    #####:  140:    string filename = "tree.bin";
    %%%%%:  140-block  0
call    0 never executed
branch  1 never executed (fallthrough)
branch  2 never executed (throw)
    $$$$$:  140-block  1
    #####:  141:    AVLTree tree;
    %%%%%:  141-block  0
call    0 never executed
        -:  142:
    #####:  143:    ifstream inFile(filename, ios::binary);
call    0 never executed
branch  1 never executed (fallthrough)
branch  2 never executed (throw)
    #####:  144:    if (!inFile) {
    %%%%%:  144-block  0
call    0 never executed
branch  1 never executed (fallthrough)
branch  2 never executed (throw)
    %%%%%:  144-block  1
branch  3 never executed (fallthrough)
branch  4 never executed
    #####:  145:        cerr << "Error to open file: " << filename << endl;
    %%%%%:  145-block  0
call    0 never executed
branch  1 never executed (fallthrough)
branch  2 never executed (throw)
    %%%%%:  145-block  1
call    3 never executed
branch  4 never executed (fallthrough)
branch  5 never executed (throw)
    %%%%%:  145-block  2
call    6 never executed
branch  7 never executed (fallthrough)
branch  8 never executed (throw)
    #####:  146:        return;
    %%%%%:  146-block  0
        -:  147:    }
        -:  148:
    #####:  149:    tree.root = deserialize_tree(inFile);
    %%%%%:  149-block  0
call    0 never executed
branch  1 never executed (fallthrough)
branch  2 never executed (throw)
    #####:  150:    inFile.close();
    %%%%%:  150-block  0
call    0 never executed
branch  1 never executed (fallthrough)
branch  2 never executed (throw)
        -:  151:
    #####:  152:    cout << "After tree deserialization:" << endl;
    %%%%%:  152-block  0
call    0 never executed
branch  1 never executed (fallthrough)
branch  2 never executed (throw)
    %%%%%:  152-block  1
call    3 never executed
branch  4 never executed (fallthrough)
branch  5 never executed (throw)
    #####:  153:    tree.print();
    %%%%%:  153-block  0
call    0 never executed
branch  1 never executed (fallthrough)
branch  2 never executed (throw)
    #####:  154:}
    %%%%%:  154-block  0
    %%%%%:  154-block  1
call    0 never executed
branch  1 never executed (fallthrough)
branch  2 never executed
    %%%%%:  154-block  2
    %%%%%:  154-block  3
call    3 never executed
branch  4 never executed (fallthrough)
branch  5 never executed
    $$$$$:  154-block  4
call    6 never executed
    $$$$$:  154-block  5
call    7 never executed
        -:  155:
        -:  156:
        -:  157:// для односвязного списка все абсолютно точно также
function serial_tlist() called 0 returned 0% blocks executed 0%
    #####:  158:void serial_tlist() {
    %%%%%:  158-block  0
    #####:  159:    string filename = "tlist.bin";
    %%%%%:  159-block  0
call    0 never executed
branch  1 never executed (fallthrough)
branch  2 never executed (throw)
    $$$$$:  159-block  1
    #####:  160:    TList testTlist;
    %%%%%:  160-block  0
call    0 never executed
    #####:  161:    testTlist.push_back("hello");
    %%%%%:  161-block  0
call    0 never executed
branch  1 never executed (fallthrough)
branch  2 never executed (throw)
    %%%%%:  161-block  1
call    3 never executed
branch  4 never executed (fallthrough)
branch  5 never executed (throw)
    %%%%%:  161-block  2
call    6 never executed
    %%%%%:  161-block  3
    $$$$$:  161-block  4
call    7 never executed
    $$$$$:  161-block  5
    $$$$$:  161-block  6
    #####:  162:    testTlist.push_back("my");
    %%%%%:  162-block  0
call    0 never executed
branch  1 never executed (fallthrough)
branch  2 never executed (throw)
    %%%%%:  162-block  1
call    3 never executed
branch  4 never executed (fallthrough)
branch  5 never executed (throw)
    %%%%%:  162-block  2
call    6 never executed
    %%%%%:  162-block  3
    $$$$$:  162-block  4
call    7 never executed
    $$$$$:  162-block  5
    $$$$$:  162-block  6
    #####:  163:    testTlist.push_back("friend");
    %%%%%:  163-block  0
call    0 never executed
branch  1 never executed (fallthrough)
branch  2 never executed (throw)
    %%%%%:  163-block  1
call    3 never executed
branch  4 never executed (fallthrough)
branch  5 never executed (throw)
    %%%%%:  163-block  2
call    6 never executed
    $$$$$:  163-block  3
call    7 never executed
    $$$$$:  163-block  4
    $$$$$:  163-block  5
        -:  164:
    #####:  165:    cout << "Before list serial:" << endl;
    %%%%%:  165-block  0
call    0 never executed
branch  1 never executed (fallthrough)
branch  2 never executed (throw)
    %%%%%:  165-block  1
call    3 never executed
branch  4 never executed (fallthrough)
branch  5 never executed (throw)
    #####:  166:    cout << testTlist.print(", ");
    %%%%%:  166-block  0
call    0 never executed
branch  1 never executed (fallthrough)
branch  2 never executed (throw)
    %%%%%:  166-block  1
call    3 never executed
branch  4 never executed (fallthrough)
branch  5 never executed (throw)
    %%%%%:  166-block  2
call    6 never executed
branch  7 never executed (fallthrough)
branch  8 never executed (throw)
    %%%%%:  166-block  3
call    9 never executed
call   10 never executed
    $$$$$:  166-block  4
call   11 never executed
    $$$$$:  166-block  5
call   12 never executed
    $$$$$:  166-block  6
    $$$$$:  166-block  7
    $$$$$:  166-block  8
        -:  167:
    #####:  168:    ofstream outFile(filename, ios::binary);
    %%%%%:  168-block  0
call    0 never executed
branch  1 never executed (fallthrough)
branch  2 never executed (throw)
    #####:  169:    if (!outFile) {
    %%%%%:  169-block  0
call    0 never executed
branch  1 never executed (fallthrough)
branch  2 never executed (throw)
    %%%%%:  169-block  1
branch  3 never executed (fallthrough)
branch  4 never executed
    #####:  170:        cerr << "Error to open file: " << filename << endl;
    %%%%%:  170-block  0
call    0 never executed
branch  1 never executed (fallthrough)
branch  2 never executed (throw)
    %%%%%:  170-block  1
call    3 never executed
branch  4 never executed (fallthrough)
branch  5 never executed (throw)
    %%%%%:  170-block  2
call    6 never executed
branch  7 never executed (fallthrough)
branch  8 never executed (throw)
    #####:  171:        return;
    %%%%%:  171-block  0
        -:  172:    }
        -:  173:
    #####:  174:    size_t size = testTlist.size;
    #####:  175:    outFile.write(reinterpret_cast<const char*>(&size), sizeof(size));
    %%%%%:  175-block  0
call    0 never executed
branch  1 never executed (fallthrough)
branch  2 never executed (throw)
        -:  176:
    #####:  177:    TNode* current = testTlist.find_at(0);
    %%%%%:  177-block  0
call    0 never executed
branch  1 never executed (fallthrough)
branch  2 never executed (throw)
    #####:  178:    while (current != nullptr) {
    %%%%%:  178-block  0
    %%%%%:  178-block  1
branch  0 never executed
branch  1 never executed (fallthrough)
    #####:  179:        size_t length = current->data.size();
    %%%%%:  179-block  0
call    0 never executed
    #####:  180:        outFile.write(reinterpret_cast<const char*>(&length), sizeof(length));
call    0 never executed
branch  1 never executed (fallthrough)
branch  2 never executed (throw)
    #####:  181:        outFile.write(current->data.c_str(), length);
    %%%%%:  181-block  0
call    0 never executed
call    1 never executed
branch  2 never executed (fallthrough)
branch  3 never executed (throw)
    #####:  182:        current = current->next;
    %%%%%:  182-block  0
        -:  183:    }
        -:  184:
    #####:  185:    outFile.close();
    %%%%%:  185-block  0
call    0 never executed
branch  1 never executed (fallthrough)
branch  2 never executed (throw)
    #####:  186:}
    %%%%%:  186-block  0
    %%%%%:  186-block  1
call    0 never executed
branch  1 never executed (fallthrough)
branch  2 never executed
    %%%%%:  186-block  2
    %%%%%:  186-block  3
call    3 never executed
branch  4 never executed (fallthrough)
branch  5 never executed
    $$$$$:  186-block  4
call    6 never executed
    $$$$$:  186-block  5
call    7 never executed
        -:  187:
function deserial_tlist() called 0 returned 0% blocks executed 0%
    #####:  188:void deserial_tlist() {
    %%%%%:  188-block  0
    #####:  189:    string filename = "tlist.bin";
    %%%%%:  189-block  0
call    0 never executed
branch  1 never executed (fallthrough)
branch  2 never executed (throw)
    $$$$$:  189-block  1
    #####:  190:    TList testTlist;
    %%%%%:  190-block  0
call    0 never executed
        -:  191:
    #####:  192:    ifstream inFile(filename, ios::binary);
call    0 never executed
branch  1 never executed (fallthrough)
branch  2 never executed (throw)
    #####:  193:    if (!inFile) {
    %%%%%:  193-block  0
call    0 never executed
branch  1 never executed (fallthrough)
branch  2 never executed (throw)
    %%%%%:  193-block  1
branch  3 never executed (fallthrough)
branch  4 never executed
    #####:  194:        cerr << "Error to open file: " << filename << endl;
    %%%%%:  194-block  0
call    0 never executed
branch  1 never executed (fallthrough)
branch  2 never executed (throw)
    %%%%%:  194-block  1
call    3 never executed
branch  4 never executed (fallthrough)
branch  5 never executed (throw)
    %%%%%:  194-block  2
call    6 never executed
branch  7 never executed (fallthrough)
branch  8 never executed (throw)
    #####:  195:        return;
    %%%%%:  195-block  0
        -:  196:    }
        -:  197:
        -:  198:    size_t size;
    #####:  199:    inFile.read(reinterpret_cast<char*>(&size), sizeof(size));
    %%%%%:  199-block  0
call    0 never executed
branch  1 never executed (fallthrough)
branch  2 never executed (throw)
        -:  200:
    #####:  201:    for (size_t i = 0; i < size; ++i) {
    %%%%%:  201-block  0
    %%%%%:  201-block  1
branch  0 never executed
branch  1 never executed (fallthrough)
        -:  202:        size_t length;
    #####:  203:        inFile.read(reinterpret_cast<char*>(&length), sizeof(length));
    %%%%%:  203-block  0
call    0 never executed
branch  1 never executed (fallthrough)
branch  2 never executed (throw)
        -:  204:
    #####:  205:        string str(length, '\0');
    %%%%%:  205-block  0
call    0 never executed
branch  1 never executed (fallthrough)
branch  2 never executed (throw)
    $$$$$:  205-block  1
    #####:  206:        inFile.read(&str[0], length);
    %%%%%:  206-block  0
call    0 never executed
call    1 never executed
branch  2 never executed (fallthrough)
branch  3 never executed (throw)
    #####:  207:        testTlist.push_back(str);
    %%%%%:  207-block  0
call    0 never executed
branch  1 never executed (fallthrough)
branch  2 never executed (throw)
    %%%%%:  207-block  1
call    3 never executed
branch  4 never executed (fallthrough)
branch  5 never executed (throw)
    %%%%%:  207-block  2
call    6 never executed
    $$$$$:  207-block  3
call    7 never executed
    $$$$$:  207-block  4
    #####:  208:    }
call    0 never executed
    $$$$$:  208-block  0
call    1 never executed
        -:  209:
    #####:  210:    inFile.close();
    %%%%%:  210-block  0
call    0 never executed
branch  1 never executed (fallthrough)
branch  2 never executed (throw)
        -:  211:
    #####:  212:    cout << "After list deserialization:" << endl;
    %%%%%:  212-block  0
call    0 never executed
branch  1 never executed (fallthrough)
branch  2 never executed (throw)
    %%%%%:  212-block  1
call    3 never executed
branch  4 never executed (fallthrough)
branch  5 never executed (throw)
    #####:  213:    cout << testTlist.print(", ") << endl;
    %%%%%:  213-block  0
call    0 never executed
branch  1 never executed (fallthrough)
branch  2 never executed (throw)
    %%%%%:  213-block  1
call    3 never executed
branch  4 never executed (fallthrough)
branch  5 never executed (throw)
    %%%%%:  213-block  2
call    6 never executed
branch  7 never executed (fallthrough)
branch  8 never executed (throw)
    %%%%%:  213-block  3
call    9 never executed
branch 10 never executed (fallthrough)
branch 11 never executed (throw)
    %%%%%:  213-block  4
call   12 never executed
call   13 never executed
    $$$$$:  213-block  5
call   14 never executed
    $$$$$:  213-block  6
call   15 never executed
    $$$$$:  213-block  7
    $$$$$:  213-block  8
    $$$$$:  213-block  9
    #####:  214:}
    %%%%%:  214-block  0
    %%%%%:  214-block  1
call    0 never executed
branch  1 never executed (fallthrough)
branch  2 never executed
    %%%%%:  214-block  2
    %%%%%:  214-block  3
call    3 never executed
branch  4 never executed (fallthrough)
branch  5 never executed
    $$$$$:  214-block  4
call    6 never executed
    $$$$$:  214-block  5
call    7 never executed
        -:  215:
        -:  216:
        -:  217:
function serial_hash_table() called 0 returned 0% blocks executed 0%
    #####:  218:void serial_hash_table() {
    %%%%%:  218-block  0
    #####:  219:    string filename = "hashtable.bin";
    %%%%%:  219-block  0
call    0 never executed
branch  1 never executed (fallthrough)
branch  2 never executed (throw)
    $$$$$:  219-block  1
    #####:  220:    HashTable hashTable;
    %%%%%:  220-block  0
call    0 never executed
branch  1 never executed (fallthrough)
branch  2 never executed (throw)
        -:  221:
    #####:  222:    hashTable.set("key1", "value1");
    %%%%%:  222-block  0
call    0 never executed
branch  1 never executed (fallthrough)
branch  2 never executed (throw)
    %%%%%:  222-block  1
call    3 never executed
branch  4 never executed (fallthrough)
branch  5 never executed (throw)
    %%%%%:  222-block  2
call    6 never executed
branch  7 never executed (fallthrough)
branch  8 never executed (throw)
    %%%%%:  222-block  3
call    9 never executed
    %%%%%:  222-block  4
call   10 never executed
    %%%%%:  222-block  5
    $$$$$:  222-block  6
call   11 never executed
    $$$$$:  222-block  7
    $$$$$:  222-block  8
    $$$$$:  222-block  9
call   12 never executed
    $$$$$:  222-block 10
    $$$$$:  222-block 11
    #####:  223:    hashTable.set("key2", "value2");
    %%%%%:  223-block  0
call    0 never executed
branch  1 never executed (fallthrough)
branch  2 never executed (throw)
    %%%%%:  223-block  1
call    3 never executed
branch  4 never executed (fallthrough)
branch  5 never executed (throw)
    %%%%%:  223-block  2
call    6 never executed
branch  7 never executed (fallthrough)
branch  8 never executed (throw)
    %%%%%:  223-block  3
call    9 never executed
    %%%%%:  223-block  4
call   10 never executed
    %%%%%:  223-block  5
    $$$$$:  223-block  6
call   11 never executed
    $$$$$:  223-block  7
    $$$$$:  223-block  8
    $$$$$:  223-block  9
call   12 never executed
    $$$$$:  223-block 10
    $$$$$:  223-block 11
    #####:  224:    hashTable.set("key3", "value3");
    %%%%%:  224-block  0
call    0 never executed
branch  1 never executed (fallthrough)
branch  2 never executed (throw)
    %%%%%:  224-block  1
call    3 never executed
branch  4 never executed (fallthrough)
branch  5 never executed (throw)
    %%%%%:  224-block  2
call    6 never executed
branch  7 never executed (fallthrough)
branch  8 never executed (throw)
    %%%%%:  224-block  3
call    9 never executed
    %%%%%:  224-block  4
call   10 never executed
    $$$$$:  224-block  5
call   11 never executed
    $$$$$:  224-block  6
    $$$$$:  224-block  7
    $$$$$:  224-block  8
call   12 never executed
    $$$$$:  224-block  9
    $$$$$:  224-block 10
        -:  225:
    #####:  226:    cout << "Before hash table serial:" << endl;
    %%%%%:  226-block  0
call    0 never executed
branch  1 never executed (fallthrough)
branch  2 never executed (throw)
    %%%%%:  226-block  1
call    3 never executed
branch  4 never executed (fallthrough)
branch  5 never executed (throw)
    #####:  227:    hashTable.print();
    %%%%%:  227-block  0
call    0 never executed
branch  1 never executed (fallthrough)
branch  2 never executed (throw)
        -:  228:
    #####:  229:    ofstream outFile(filename, ios::binary);
    %%%%%:  229-block  0
call    0 never executed
branch  1 never executed (fallthrough)
branch  2 never executed (throw)
    #####:  230:    if (!outFile) {
    %%%%%:  230-block  0
call    0 never executed
branch  1 never executed (fallthrough)
branch  2 never executed (throw)
    %%%%%:  230-block  1
branch  3 never executed (fallthrough)
branch  4 never executed
    #####:  231:        cerr << "Error to open file: " << filename << endl;
    %%%%%:  231-block  0
call    0 never executed
branch  1 never executed (fallthrough)
branch  2 never executed (throw)
    %%%%%:  231-block  1
call    3 never executed
branch  4 never executed (fallthrough)
branch  5 never executed (throw)
    %%%%%:  231-block  2
call    6 never executed
branch  7 never executed (fallthrough)
branch  8 never executed (throw)
    #####:  232:        return;
    %%%%%:  232-block  0
        -:  233:    }
        -:  234:
    #####:  235:    size_t capacity = 30;
    #####:  236:    outFile.write(reinterpret_cast<const char*>(&capacity), sizeof(capacity));
    %%%%%:  236-block  0
call    0 never executed
branch  1 never executed (fallthrough)
branch  2 never executed (throw)
        -:  237:
    #####:  238:    for (int i = 0; i < capacity; ++i) {
    %%%%%:  238-block  0
    %%%%%:  238-block  1
    %%%%%:  238-block  2
branch  0 never executed
branch  1 never executed (fallthrough)
    #####:  239:        HashList& list = hashTable.data[i].data;
    #####:  240:        size_t listSize = 0;
        -:  241:
    #####:  242:        for (HashBlock* curr = list.first; curr != nullptr; curr = curr->next) {
    %%%%%:  242-block  0
    %%%%%:  242-block  1
branch  0 never executed
branch  1 never executed (fallthrough)
    #####:  243:            ++listSize;
    %%%%%:  243-block  0
        -:  244:        }
        -:  245:
    #####:  246:        outFile.write(reinterpret_cast<const char*>(&listSize), sizeof(listSize));
    %%%%%:  246-block  0
call    0 never executed
branch  1 never executed (fallthrough)
branch  2 never executed (throw)
        -:  247:
    #####:  248:        for (HashBlock* curr = list.first; curr != nullptr; curr = curr->next) {
    %%%%%:  248-block  0
    %%%%%:  248-block  1
    %%%%%:  248-block  2
branch  0 never executed
branch  1 never executed (fallthrough)
    #####:  249:            size_t keyLength = curr->key.size();
    %%%%%:  249-block  0
call    0 never executed
    #####:  250:            size_t valueLength = curr->value.size();
call    0 never executed
        -:  251:
    #####:  252:            outFile.write(reinterpret_cast<const char*>(&keyLength), sizeof(keyLength));
call    0 never executed
branch  1 never executed (fallthrough)
branch  2 never executed (throw)
    #####:  253:            outFile.write(curr->key.c_str(), keyLength);
    %%%%%:  253-block  0
call    0 never executed
call    1 never executed
branch  2 never executed (fallthrough)
branch  3 never executed (throw)
        -:  254:
    #####:  255:            outFile.write(reinterpret_cast<const char*>(&valueLength), sizeof(valueLength));
    %%%%%:  255-block  0
call    0 never executed
branch  1 never executed (fallthrough)
branch  2 never executed (throw)
    #####:  256:            outFile.write(curr->value.c_str(), valueLength);
    %%%%%:  256-block  0
call    0 never executed
call    1 never executed
branch  2 never executed (fallthrough)
branch  3 never executed (throw)
        -:  257:        }
        -:  258:    }
        -:  259:
    #####:  260:    outFile.close();
    %%%%%:  260-block  0
call    0 never executed
branch  1 never executed (fallthrough)
branch  2 never executed (throw)
    #####:  261:}
    %%%%%:  261-block  0
    %%%%%:  261-block  1
call    0 never executed
branch  1 never executed (fallthrough)
branch  2 never executed
    %%%%%:  261-block  2
    %%%%%:  261-block  3
call    3 never executed
branch  4 never executed (fallthrough)
branch  5 never executed
    $$$$$:  261-block  4
call    6 never executed
    $$$$$:  261-block  5
call    7 never executed
        -:  262:
function deserial_hash_table() called 0 returned 0% blocks executed 0%
    #####:  263:void deserial_hash_table() {
    %%%%%:  263-block  0
    #####:  264:    string filename = "hashtable.bin";
    %%%%%:  264-block  0
call    0 never executed
branch  1 never executed (fallthrough)
branch  2 never executed (throw)
    $$$$$:  264-block  1
    #####:  265:    HashTable hashTable;
    %%%%%:  265-block  0
call    0 never executed
branch  1 never executed (fallthrough)
branch  2 never executed (throw)
        -:  266:
    #####:  267:    ifstream inFile(filename, ios::binary);
    %%%%%:  267-block  0
call    0 never executed
branch  1 never executed (fallthrough)
branch  2 never executed (throw)
    #####:  268:    if (!inFile) {
    %%%%%:  268-block  0
call    0 never executed
branch  1 never executed (fallthrough)
branch  2 never executed (throw)
    %%%%%:  268-block  1
branch  3 never executed (fallthrough)
branch  4 never executed
    #####:  269:        cerr << "Error to open file: " << filename << endl;
    %%%%%:  269-block  0
call    0 never executed
branch  1 never executed (fallthrough)
branch  2 never executed (throw)
    %%%%%:  269-block  1
call    3 never executed
branch  4 never executed (fallthrough)
branch  5 never executed (throw)
    %%%%%:  269-block  2
call    6 never executed
branch  7 never executed (fallthrough)
branch  8 never executed (throw)
    #####:  270:        return;
    %%%%%:  270-block  0
        -:  271:    }
        -:  272:
        -:  273:    size_t capacity;
    #####:  274:    inFile.read(reinterpret_cast<char*>(&capacity), sizeof(capacity));
    %%%%%:  274-block  0
call    0 never executed
branch  1 never executed (fallthrough)
branch  2 never executed (throw)
        -:  275:
    #####:  276:    for (int i = 0; i < capacity; ++i) {
    %%%%%:  276-block  0
    %%%%%:  276-block  1
    %%%%%:  276-block  2
branch  0 never executed
branch  1 never executed (fallthrough)
        -:  277:        size_t listSize;
    #####:  278:        inFile.read(reinterpret_cast<char*>(&listSize), sizeof(listSize));
    %%%%%:  278-block  0
call    0 never executed
branch  1 never executed (fallthrough)
branch  2 never executed (throw)
        -:  279:
    #####:  280:        for (size_t j = 0; j < listSize; ++j) {
    %%%%%:  280-block  0
    %%%%%:  280-block  1
branch  0 never executed
branch  1 never executed (fallthrough)
        -:  281:            size_t keyLength;
    #####:  282:            inFile.read(reinterpret_cast<char*>(&keyLength), sizeof(keyLength));
    %%%%%:  282-block  0
call    0 never executed
branch  1 never executed (fallthrough)
branch  2 never executed (throw)
        -:  283:
    #####:  284:            string key(keyLength, '\0');
    %%%%%:  284-block  0
call    0 never executed
branch  1 never executed (fallthrough)
branch  2 never executed (throw)
    $$$$$:  284-block  1
    #####:  285:            inFile.read(&key[0], keyLength);
    %%%%%:  285-block  0
call    0 never executed
call    1 never executed
branch  2 never executed (fallthrough)
branch  3 never executed (throw)
        -:  286:
        -:  287:            size_t valueLength;
    #####:  288:            inFile.read(reinterpret_cast<char*>(&valueLength), sizeof(valueLength));
    %%%%%:  288-block  0
call    0 never executed
branch  1 never executed (fallthrough)
branch  2 never executed (throw)
        -:  289:
    #####:  290:            string value(valueLength, '\0');
    %%%%%:  290-block  0
call    0 never executed
branch  1 never executed (fallthrough)
branch  2 never executed (throw)
    $$$$$:  290-block  1
    #####:  291:            inFile.read(&value[0], valueLength);
    %%%%%:  291-block  0
call    0 never executed
call    1 never executed
branch  2 never executed (fallthrough)
branch  3 never executed (throw)
        -:  292:
    #####:  293:            hashTable.set(key, value);
    %%%%%:  293-block  0
call    0 never executed
branch  1 never executed (fallthrough)
branch  2 never executed (throw)
    %%%%%:  293-block  1
call    3 never executed
branch  4 never executed (fallthrough)
branch  5 never executed (throw)
    %%%%%:  293-block  2
call    6 never executed
branch  7 never executed (fallthrough)
branch  8 never executed (throw)
    %%%%%:  293-block  3
call    9 never executed
call   10 never executed
    $$$$$:  293-block  4
call   11 never executed
    $$$$$:  293-block  5
    $$$$$:  293-block  6
call   12 never executed
    $$$$$:  293-block  7
    #####:  294:        }
call    0 never executed
call    1 never executed
    $$$$$:  294-block  0
call    2 never executed
    $$$$$:  294-block  1
call    3 never executed
        -:  295:    }
        -:  296:
    #####:  297:    inFile.close();
    %%%%%:  297-block  0
call    0 never executed
branch  1 never executed (fallthrough)
branch  2 never executed (throw)
        -:  298:
    #####:  299:    cout << "After hash table deserialization:" << endl;
    %%%%%:  299-block  0
call    0 never executed
branch  1 never executed (fallthrough)
branch  2 never executed (throw)
    %%%%%:  299-block  1
call    3 never executed
branch  4 never executed (fallthrough)
branch  5 never executed (throw)
    #####:  300:    hashTable.print();
    %%%%%:  300-block  0
call    0 never executed
branch  1 never executed (fallthrough)
branch  2 never executed (throw)
    #####:  301:}
    %%%%%:  301-block  0
    %%%%%:  301-block  1
call    0 never executed
branch  1 never executed (fallthrough)
branch  2 never executed
    %%%%%:  301-block  2
    %%%%%:  301-block  3
call    3 never executed
branch  4 never executed (fallthrough)
branch  5 never executed
    $$$$$:  301-block  4
call    6 never executed
    $$$$$:  301-block  5
call    7 never executed
        -:  302:
        -:  303:
        -:  304:
function serial_queue() called 0 returned 0% blocks executed 0%
    #####:  305:void serial_queue() {
    %%%%%:  305-block  0
    #####:  306:    string filename = "queue.bin";
    %%%%%:  306-block  0
call    0 never executed
branch  1 never executed (fallthrough)
branch  2 never executed (throw)
    $$$$$:  306-block  1
    #####:  307:    Queue testQueue;
    %%%%%:  307-block  0
call    0 never executed
    #####:  308:    testQueue.push("hello");
    %%%%%:  308-block  0
call    0 never executed
branch  1 never executed (fallthrough)
branch  2 never executed (throw)
    %%%%%:  308-block  1
call    3 never executed
branch  4 never executed (fallthrough)
branch  5 never executed (throw)
    %%%%%:  308-block  2
call    6 never executed
    %%%%%:  308-block  3
    $$$$$:  308-block  4
call    7 never executed
    $$$$$:  308-block  5
    $$$$$:  308-block  6
    #####:  309:    testQueue.push("my");
    %%%%%:  309-block  0
call    0 never executed
branch  1 never executed (fallthrough)
branch  2 never executed (throw)
    %%%%%:  309-block  1
call    3 never executed
branch  4 never executed (fallthrough)
branch  5 never executed (throw)
    %%%%%:  309-block  2
call    6 never executed
    %%%%%:  309-block  3
    $$$$$:  309-block  4
call    7 never executed
    $$$$$:  309-block  5
    $$$$$:  309-block  6
    #####:  310:    testQueue.push("friend");
    %%%%%:  310-block  0
call    0 never executed
branch  1 never executed (fallthrough)
branch  2 never executed (throw)
    %%%%%:  310-block  1
call    3 never executed
branch  4 never executed (fallthrough)
branch  5 never executed (throw)
    %%%%%:  310-block  2
call    6 never executed
    $$$$$:  310-block  3
call    7 never executed
    $$$$$:  310-block  4
    $$$$$:  310-block  5
        -:  311:
    #####:  312:    cout << "Before queue serial:" << endl;
    %%%%%:  312-block  0
call    0 never executed
branch  1 never executed (fallthrough)
branch  2 never executed (throw)
    %%%%%:  312-block  1
call    3 never executed
branch  4 never executed (fallthrough)
branch  5 never executed (throw)
    #####:  313:    cout << testQueue.print();
    %%%%%:  313-block  0
call    0 never executed
branch  1 never executed (fallthrough)
branch  2 never executed (throw)
    %%%%%:  313-block  1
call    3 never executed
branch  4 never executed (fallthrough)
branch  5 never executed (throw)
    %%%%%:  313-block  2
call    6 never executed
    $$$$$:  313-block  3
call    7 never executed
    $$$$$:  313-block  4
        -:  314:
    #####:  315:    ofstream outFile(filename, ios::binary);
call    0 never executed
branch  1 never executed (fallthrough)
branch  2 never executed (throw)
    #####:  316:    if (!outFile) {
    %%%%%:  316-block  0
call    0 never executed
branch  1 never executed (fallthrough)
branch  2 never executed (throw)
    %%%%%:  316-block  1
branch  3 never executed (fallthrough)
branch  4 never executed
    #####:  317:        cerr << "Error to open file: " << filename << endl;
    %%%%%:  317-block  0
call    0 never executed
branch  1 never executed (fallthrough)
branch  2 never executed (throw)
    %%%%%:  317-block  1
call    3 never executed
branch  4 never executed (fallthrough)
branch  5 never executed (throw)
    %%%%%:  317-block  2
call    6 never executed
branch  7 never executed (fallthrough)
branch  8 never executed (throw)
    #####:  318:        return;
    %%%%%:  318-block  0
        -:  319:    }
        -:  320:
    #####:  321:    size_t size = 0;
    #####:  322:    ONode* current = testQueue.head;
    #####:  323:    while (current != nullptr) {
    %%%%%:  323-block  0
    %%%%%:  323-block  1
branch  0 never executed
branch  1 never executed (fallthrough)
    #####:  324:        ++size;
    #####:  325:        current = current->next;
    %%%%%:  325-block  0
        -:  326:    }
        -:  327:
    #####:  328:    outFile.write(reinterpret_cast<const char*>(&size), sizeof(size));
    %%%%%:  328-block  0
call    0 never executed
branch  1 never executed (fallthrough)
branch  2 never executed (throw)
        -:  329:
    #####:  330:    current = testQueue.head;
    #####:  331:    while (current != nullptr) {
    %%%%%:  331-block  0
    %%%%%:  331-block  1
branch  0 never executed
branch  1 never executed (fallthrough)
    #####:  332:        size_t length = current->data.size();
    %%%%%:  332-block  0
call    0 never executed
    #####:  333:        outFile.write(reinterpret_cast<const char*>(&length), sizeof(length));
call    0 never executed
branch  1 never executed (fallthrough)
branch  2 never executed (throw)
    #####:  334:        outFile.write(current->data.c_str(), length);
    %%%%%:  334-block  0
call    0 never executed
call    1 never executed
branch  2 never executed (fallthrough)
branch  3 never executed (throw)
    #####:  335:        current = current->next;
    %%%%%:  335-block  0
        -:  336:    }
        -:  337:
    #####:  338:    outFile.close();
    %%%%%:  338-block  0
call    0 never executed
branch  1 never executed (fallthrough)
branch  2 never executed (throw)
    #####:  339:}
    %%%%%:  339-block  0
    %%%%%:  339-block  1
call    0 never executed
branch  1 never executed (fallthrough)
branch  2 never executed
    %%%%%:  339-block  2
    %%%%%:  339-block  3
call    3 never executed
branch  4 never executed (fallthrough)
branch  5 never executed
    $$$$$:  339-block  4
call    6 never executed
    $$$$$:  339-block  5
call    7 never executed
        -:  340:
function deserial_queue() called 0 returned 0% blocks executed 0%
    #####:  341:void deserial_queue() {
    %%%%%:  341-block  0
    #####:  342:    string filename = "queue.bin";
    %%%%%:  342-block  0
call    0 never executed
branch  1 never executed (fallthrough)
branch  2 never executed (throw)
    $$$$$:  342-block  1
    #####:  343:    Queue testQueue;
    %%%%%:  343-block  0
call    0 never executed
        -:  344:
    #####:  345:    ifstream inFile(filename, ios::binary);
call    0 never executed
branch  1 never executed (fallthrough)
branch  2 never executed (throw)
    #####:  346:    if (!inFile) {
    %%%%%:  346-block  0
call    0 never executed
branch  1 never executed (fallthrough)
branch  2 never executed (throw)
    %%%%%:  346-block  1
branch  3 never executed (fallthrough)
branch  4 never executed
    #####:  347:        cerr << "Error to open file: " << filename << endl;
    %%%%%:  347-block  0
call    0 never executed
branch  1 never executed (fallthrough)
branch  2 never executed (throw)
    %%%%%:  347-block  1
call    3 never executed
branch  4 never executed (fallthrough)
branch  5 never executed (throw)
    %%%%%:  347-block  2
call    6 never executed
branch  7 never executed (fallthrough)
branch  8 never executed (throw)
    #####:  348:        return;
    %%%%%:  348-block  0
        -:  349:    }
        -:  350:
        -:  351:    size_t size;
    #####:  352:    inFile.read(reinterpret_cast<char*>(&size), sizeof(size));
    %%%%%:  352-block  0
call    0 never executed
branch  1 never executed (fallthrough)
branch  2 never executed (throw)
        -:  353:
    #####:  354:    for (size_t i = 0; i < size; ++i) {
    %%%%%:  354-block  0
    %%%%%:  354-block  1
branch  0 never executed
branch  1 never executed (fallthrough)
        -:  355:        size_t length;
    #####:  356:        inFile.read(reinterpret_cast<char*>(&length), sizeof(length));
    %%%%%:  356-block  0
call    0 never executed
branch  1 never executed (fallthrough)
branch  2 never executed (throw)
        -:  357:
    #####:  358:        string str(length, '\0');
    %%%%%:  358-block  0
call    0 never executed
branch  1 never executed (fallthrough)
branch  2 never executed (throw)
    $$$$$:  358-block  1
    #####:  359:        inFile.read(&str[0], length);
    %%%%%:  359-block  0
call    0 never executed
call    1 never executed
branch  2 never executed (fallthrough)
branch  3 never executed (throw)
    #####:  360:        testQueue.push(str);
    %%%%%:  360-block  0
call    0 never executed
branch  1 never executed (fallthrough)
branch  2 never executed (throw)
    %%%%%:  360-block  1
call    3 never executed
branch  4 never executed (fallthrough)
branch  5 never executed (throw)
    %%%%%:  360-block  2
call    6 never executed
    $$$$$:  360-block  3
call    7 never executed
    $$$$$:  360-block  4
    #####:  361:    }
call    0 never executed
    $$$$$:  361-block  0
call    1 never executed
        -:  362:
    #####:  363:    inFile.close();
    %%%%%:  363-block  0
call    0 never executed
branch  1 never executed (fallthrough)
branch  2 never executed (throw)
        -:  364:
    #####:  365:    cout << "After queue deserialization:" << endl;
    %%%%%:  365-block  0
call    0 never executed
branch  1 never executed (fallthrough)
branch  2 never executed (throw)
    %%%%%:  365-block  1
call    3 never executed
branch  4 never executed (fallthrough)
branch  5 never executed (throw)
    #####:  366:    cout << testQueue.print() << endl;
    %%%%%:  366-block  0
call    0 never executed
branch  1 never executed (fallthrough)
branch  2 never executed (throw)
    %%%%%:  366-block  1
call    3 never executed
branch  4 never executed (fallthrough)
branch  5 never executed (throw)
    %%%%%:  366-block  2
call    6 never executed
branch  7 never executed (fallthrough)
branch  8 never executed (throw)
    %%%%%:  366-block  3
call    9 never executed
    $$$$$:  366-block  4
call   10 never executed
    $$$$$:  366-block  5
    #####:  367:}
    %%%%%:  367-block  0
call    0 never executed
branch  1 never executed (fallthrough)
branch  2 never executed
    %%%%%:  367-block  1
    %%%%%:  367-block  2
call    3 never executed
branch  4 never executed (fallthrough)
branch  5 never executed
    $$$$$:  367-block  3
call    6 never executed
    $$$$$:  367-block  4
call    7 never executed
        -:  368:
        -:  369:
        -:  370:
function serial_stack() called 0 returned 0% blocks executed 0%
    #####:  371:void serial_stack() {
    %%%%%:  371-block  0
    #####:  372:    string filename = "stack.bin";
    %%%%%:  372-block  0
call    0 never executed
branch  1 never executed (fallthrough)
branch  2 never executed (throw)
    $$$$$:  372-block  1
    #####:  373:    Stack testStack;
    %%%%%:  373-block  0
call    0 never executed
    #####:  374:    testStack.push("hello");
    %%%%%:  374-block  0
call    0 never executed
branch  1 never executed (fallthrough)
branch  2 never executed (throw)
    %%%%%:  374-block  1
call    3 never executed
branch  4 never executed (fallthrough)
branch  5 never executed (throw)
    %%%%%:  374-block  2
call    6 never executed
    %%%%%:  374-block  3
    $$$$$:  374-block  4
call    7 never executed
    $$$$$:  374-block  5
    $$$$$:  374-block  6
    #####:  375:    testStack.push("my");
    %%%%%:  375-block  0
call    0 never executed
branch  1 never executed (fallthrough)
branch  2 never executed (throw)
    %%%%%:  375-block  1
call    3 never executed
branch  4 never executed (fallthrough)
branch  5 never executed (throw)
    %%%%%:  375-block  2
call    6 never executed
    %%%%%:  375-block  3
    $$$$$:  375-block  4
call    7 never executed
    $$$$$:  375-block  5
    $$$$$:  375-block  6
    #####:  376:    testStack.push("friend");
    %%%%%:  376-block  0
call    0 never executed
branch  1 never executed (fallthrough)
branch  2 never executed (throw)
    %%%%%:  376-block  1
call    3 never executed
branch  4 never executed (fallthrough)
branch  5 never executed (throw)
    %%%%%:  376-block  2
call    6 never executed
    $$$$$:  376-block  3
call    7 never executed
    $$$$$:  376-block  4
    $$$$$:  376-block  5
        -:  377:
    #####:  378:    cout << "Before stack serial:" << endl;
    %%%%%:  378-block  0
call    0 never executed
branch  1 never executed (fallthrough)
branch  2 never executed (throw)
    %%%%%:  378-block  1
call    3 never executed
branch  4 never executed (fallthrough)
branch  5 never executed (throw)
    #####:  379:    cout << testStack.print();
    %%%%%:  379-block  0
call    0 never executed
branch  1 never executed (fallthrough)
branch  2 never executed (throw)
    %%%%%:  379-block  1
call    3 never executed
branch  4 never executed (fallthrough)
branch  5 never executed (throw)
    %%%%%:  379-block  2
call    6 never executed
    $$$$$:  379-block  3
call    7 never executed
    $$$$$:  379-block  4
        -:  380:
    #####:  381:    ofstream outFile(filename, ios::binary);
call    0 never executed
branch  1 never executed (fallthrough)
branch  2 never executed (throw)
    #####:  382:    if (!outFile) {
    %%%%%:  382-block  0
call    0 never executed
branch  1 never executed (fallthrough)
branch  2 never executed (throw)
    %%%%%:  382-block  1
branch  3 never executed (fallthrough)
branch  4 never executed
    #####:  383:        cerr << "Error to open file: " << filename << endl;
    %%%%%:  383-block  0
call    0 never executed
branch  1 never executed (fallthrough)
branch  2 never executed (throw)
    %%%%%:  383-block  1
call    3 never executed
branch  4 never executed (fallthrough)
branch  5 never executed (throw)
    %%%%%:  383-block  2
call    6 never executed
branch  7 never executed (fallthrough)
branch  8 never executed (throw)
    #####:  384:        return;
    %%%%%:  384-block  0
        -:  385:    }
        -:  386:
    #####:  387:    size_t size = 0;
    #####:  388:    ONode* current = testStack.head;
    #####:  389:    while (current != testStack.tail) {
    %%%%%:  389-block  0
    %%%%%:  389-block  1
branch  0 never executed
branch  1 never executed (fallthrough)
    #####:  390:        ++size;
    #####:  391:        current = current->next;
    %%%%%:  391-block  0
        -:  392:    }
    #####:  393:    ++size;
        -:  394:
    #####:  395:    outFile.write(reinterpret_cast<const char*>(&size), sizeof(size));
    %%%%%:  395-block  0
call    0 never executed
branch  1 never executed (fallthrough)
branch  2 never executed (throw)
        -:  396:
    #####:  397:    current = testStack.head;
    #####:  398:    for (auto i = 0; i < size; ++i) {
    %%%%%:  398-block  0
    %%%%%:  398-block  1
branch  0 never executed
branch  1 never executed (fallthrough)
    #####:  399:        size_t length = current->data.size();
    %%%%%:  399-block  0
call    0 never executed
    #####:  400:        outFile.write(reinterpret_cast<const char*>(&length), sizeof(length));
call    0 never executed
branch  1 never executed (fallthrough)
branch  2 never executed (throw)
    #####:  401:        outFile.write(current->data.c_str(), length);
    %%%%%:  401-block  0
call    0 never executed
call    1 never executed
branch  2 never executed (fallthrough)
branch  3 never executed (throw)
    #####:  402:        current = current->next;
    %%%%%:  402-block  0
        -:  403:    }
        -:  404:
    #####:  405:    outFile.close();
    %%%%%:  405-block  0
call    0 never executed
branch  1 never executed (fallthrough)
branch  2 never executed (throw)
    #####:  406:}
    %%%%%:  406-block  0
    %%%%%:  406-block  1
call    0 never executed
branch  1 never executed (fallthrough)
branch  2 never executed
    %%%%%:  406-block  2
    %%%%%:  406-block  3
call    3 never executed
branch  4 never executed (fallthrough)
branch  5 never executed
    $$$$$:  406-block  4
call    6 never executed
    $$$$$:  406-block  5
call    7 never executed
        -:  407:
function deserial_stack() called 0 returned 0% blocks executed 0%
    #####:  408:void deserial_stack() {
    %%%%%:  408-block  0
    #####:  409:    string filename = "stack.bin";
    %%%%%:  409-block  0
call    0 never executed
branch  1 never executed (fallthrough)
branch  2 never executed (throw)
    $$$$$:  409-block  1
    #####:  410:    Stack testStack;
    %%%%%:  410-block  0
call    0 never executed
        -:  411:
    #####:  412:    ifstream inFile(filename, ios::binary);
call    0 never executed
branch  1 never executed (fallthrough)
branch  2 never executed (throw)
    #####:  413:    if (!inFile) {
    %%%%%:  413-block  0
call    0 never executed
branch  1 never executed (fallthrough)
branch  2 never executed (throw)
    %%%%%:  413-block  1
branch  3 never executed (fallthrough)
branch  4 never executed
    #####:  414:        cerr << "Error to open file: " << filename << endl;
    %%%%%:  414-block  0
call    0 never executed
branch  1 never executed (fallthrough)
branch  2 never executed (throw)
    %%%%%:  414-block  1
call    3 never executed
branch  4 never executed (fallthrough)
branch  5 never executed (throw)
    %%%%%:  414-block  2
call    6 never executed
branch  7 never executed (fallthrough)
branch  8 never executed (throw)
    #####:  415:        return;
    %%%%%:  415-block  0
        -:  416:    }
        -:  417:
        -:  418:    size_t size;
    #####:  419:    inFile.read(reinterpret_cast<char*>(&size), sizeof(size));
    %%%%%:  419-block  0
call    0 never executed
branch  1 never executed (fallthrough)
branch  2 never executed (throw)
        -:  420:
    #####:  421:    for (size_t i = 0; i < size; ++i) {
    %%%%%:  421-block  0
    %%%%%:  421-block  1
branch  0 never executed
branch  1 never executed (fallthrough)
        -:  422:        size_t length;
    #####:  423:        inFile.read(reinterpret_cast<char*>(&length), sizeof(length));
    %%%%%:  423-block  0
call    0 never executed
branch  1 never executed (fallthrough)
branch  2 never executed (throw)
        -:  424:
    #####:  425:        string str(length, '\0');
    %%%%%:  425-block  0
call    0 never executed
branch  1 never executed (fallthrough)
branch  2 never executed (throw)
    $$$$$:  425-block  1
    #####:  426:        inFile.read(&str[0], length);
    %%%%%:  426-block  0
call    0 never executed
call    1 never executed
branch  2 never executed (fallthrough)
branch  3 never executed (throw)
    #####:  427:        testStack.push(str);
    %%%%%:  427-block  0
call    0 never executed
branch  1 never executed (fallthrough)
branch  2 never executed (throw)
    %%%%%:  427-block  1
call    3 never executed
branch  4 never executed (fallthrough)
branch  5 never executed (throw)
    %%%%%:  427-block  2
call    6 never executed
    $$$$$:  427-block  3
call    7 never executed
    $$$$$:  427-block  4
    #####:  428:    }
call    0 never executed
    $$$$$:  428-block  0
call    1 never executed
        -:  429:
    #####:  430:    inFile.close();
    %%%%%:  430-block  0
call    0 never executed
branch  1 never executed (fallthrough)
branch  2 never executed (throw)
        -:  431:
        -:  432:    // реверсим стек, потому что читается он в обратном порядке
    #####:  433:    Stack result;
    %%%%%:  433-block  0
call    0 never executed
    #####:  434:    auto curr = testStack.head;
    #####:  435:    for (auto i = 0; i < size; ++i)
    %%%%%:  435-block  0
branch  0 never executed
branch  1 never executed (fallthrough)
        -:  436:    {
    #####:  437:        result.push(curr->data);
    %%%%%:  437-block  0
call    0 never executed
branch  1 never executed (fallthrough)
branch  2 never executed (throw)
    %%%%%:  437-block  1
call    3 never executed
branch  4 never executed (fallthrough)
branch  5 never executed (throw)
    %%%%%:  437-block  2
call    6 never executed
    $$$$$:  437-block  3
call    7 never executed
    $$$$$:  437-block  4
    #####:  438:        curr = curr->next;
        -:  439:    }
        -:  440:
    #####:  441:    cout << "After stack deserialization:" << endl;
    %%%%%:  441-block  0
call    0 never executed
branch  1 never executed (fallthrough)
branch  2 never executed (throw)
    %%%%%:  441-block  1
call    3 never executed
branch  4 never executed (fallthrough)
branch  5 never executed (throw)
    #####:  442:    cout << result.print() << endl;
    %%%%%:  442-block  0
call    0 never executed
branch  1 never executed (fallthrough)
branch  2 never executed (throw)
    %%%%%:  442-block  1
call    3 never executed
branch  4 never executed (fallthrough)
branch  5 never executed (throw)
    %%%%%:  442-block  2
call    6 never executed
branch  7 never executed (fallthrough)
branch  8 never executed (throw)
    %%%%%:  442-block  3
call    9 never executed
    $$$$$:  442-block  4
call   10 never executed
    $$$$$:  442-block  5
    #####:  443:}
    %%%%%:  443-block  0
call    0 never executed
branch  1 never executed (fallthrough)
branch  2 never executed
    %%%%%:  443-block  1
    %%%%%:  443-block  2
call    3 never executed
branch  4 never executed (fallthrough)
branch  5 never executed
    $$$$$:  443-block  3
call    6 never executed
    $$$$$:  443-block  4
call    7 never executed
        -:  444:
        -:  445:
function main called 0 returned 0% blocks executed 0%
    #####:  446:int main(){
    #####:  447:    serial_array();
    %%%%%:  447-block  0
call    0 never executed
    #####:  448:    deserial_array();
call    0 never executed
        -:  449:
    #####:  450:    serial_tree();
call    0 never executed
    #####:  451:    deserial_tree();
call    0 never executed
        -:  452:
    #####:  453:    serial_tlist();
call    0 never executed
    #####:  454:    deserial_tlist();
call    0 never executed
        -:  455:
    #####:  456:    serial_hash_table();
call    0 never executed
    #####:  457:    deserial_hash_table();
call    0 never executed
        -:  458:
    #####:  459:    serial_queue();
call    0 never executed
    #####:  460:    deserial_queue();
call    0 never executed
        -:  461:
    #####:  462:    serial_stack();
call    0 never executed
    #####:  463:    deserial_stack();
call    0 never executed
    #####:  464:    return 0;
        -:  465:}
